<?xml version="1.0" encoding="UTF-8"?>
<testng-results ignored="0" total="1" passed="1" failed="0" skipped="0">
  <reporter-output>
  </reporter-output>
  <suite started-at="2026-05-07T16:04:08 IST" name="Suite" finished-at="2026-05-07T16:04:21 IST" duration-ms="12742">
    <groups>
      <group name="Master">
        <method signature="TC_001_AccountRegistration.verify_Account_RegistrationTest()[pri:0, instance:testCases.TC_001_AccountRegistration@62150f9e]" name="verify_Account_RegistrationTest" class="testCases.TC_001_AccountRegistration"/>
      </group> <!-- Master -->
      <group name="Sanity">
        <method signature="TC_001_AccountRegistration.verify_Account_RegistrationTest()[pri:0, instance:testCases.TC_001_AccountRegistration@62150f9e]" name="verify_Account_RegistrationTest" class="testCases.TC_001_AccountRegistration"/>
      </group> <!-- Sanity -->
    </groups>
    <test started-at="2026-05-07T16:04:08 IST" name="Test" finished-at="2026-05-07T16:04:21 IST" duration-ms="12742">
      <class name="testCases.TC_001_AccountRegistration">
        <test-method is-config="true" signature="setup(java.lang.String,java.lang.String)[pri:0, instance:testCases.TC_001_AccountRegistration@62150f9e]" started-at="2026-05-07T16:04:09 IST" name="setup" finished-at="2026-05-07T16:04:15 IST" duration-ms="5964" status="PASS">
          <params>
            <param index="0">
              <value>
                <![CDATA[Windows]]>
              </value>
            </param>
            <param index="1">
              <value>
                <![CDATA[chrome]]>
              </value>
            </param>
          </params>
          <reporter-output>
          </reporter-output>
        </test-method> <!-- setup -->
        <test-method signature="verify_Account_RegistrationTest()[pri:0, instance:testCases.TC_001_AccountRegistration@62150f9e]" started-at="2026-05-07T16:04:15 IST" name="verify_Account_RegistrationTest" finished-at="2026-05-07T16:04:20 IST" duration-ms="5057" status="PASS">
          <reporter-output>
          </reporter-output>
        </test-method> <!-- verify_Account_RegistrationTest -->
        <test-method is-config="true" signature="teardown()[pri:0, instance:testCases.TC_001_AccountRegistration@62150f9e]" started-at="2026-05-07T16:04:20 IST" name="teardown" finished-at="2026-05-07T16:04:21 IST" duration-ms="788" status="PASS">
          <reporter-output>
          </reporter-output>
        </test-method> <!-- teardown -->
      </class> <!-- testCases.TC_001_AccountRegistration -->
    </test> <!-- Test -->
  </suite> <!-- Suite -->
</testng-results>
