<?xml version="1.0" encoding="UTF-8"?>
<testng-results ignored="0" total="1" passed="1" failed="0" skipped="0">
  <reporter-output>
  </reporter-output>
  <suite started-at="2026-05-05T15:00:25 IST" name="Suite" finished-at="2026-05-05T15:00:39 IST" duration-ms="14315">
    <groups>
      <group name="Master">
        <method signature="TC_001_AccountRegistration.verify_Account_RegistrationTest()[pri:0, instance:testCases.TC_001_AccountRegistration@75437611]" name="verify_Account_RegistrationTest" class="testCases.TC_001_AccountRegistration"/>
      </group> <!-- Master -->
      <group name="Sanity">
        <method signature="TC_001_AccountRegistration.verify_Account_RegistrationTest()[pri:0, instance:testCases.TC_001_AccountRegistration@75437611]" name="verify_Account_RegistrationTest" class="testCases.TC_001_AccountRegistration"/>
      </group> <!-- Sanity -->
    </groups>
    <test started-at="2026-05-05T15:00:25 IST" name="Test" finished-at="2026-05-05T15:00:39 IST" duration-ms="14315">
      <class name="testCases.TC_001_AccountRegistration">
        <test-method is-config="true" signature="setup(java.lang.String,java.lang.String)[pri:0, instance:testCases.TC_001_AccountRegistration@75437611]" started-at="2026-05-05T15:00:25 IST" name="setup" finished-at="2026-05-05T15:00:33 IST" duration-ms="7959" status="PASS">
          <params>
            <param index="0">
              <value>
                <![CDATA[Windows]]>
              </value>
            </param>
            <param index="1">
              <value>
                <![CDATA[chrome]]>
              </value>
            </param>
          </params>
          <reporter-output>
          </reporter-output>
        </test-method> <!-- setup -->
        <test-method signature="verify_Account_RegistrationTest()[pri:0, instance:testCases.TC_001_AccountRegistration@75437611]" started-at="2026-05-05T15:00:33 IST" name="verify_Account_RegistrationTest" finished-at="2026-05-05T15:00:39 IST" duration-ms="5522" status="PASS">
          <reporter-output>
          </reporter-output>
        </test-method> <!-- verify_Account_RegistrationTest -->
        <test-method is-config="true" signature="teardown()[pri:0, instance:testCases.TC_001_AccountRegistration@75437611]" started-at="2026-05-05T15:00:39 IST" name="teardown" finished-at="2026-05-05T15:00:39 IST" duration-ms="391" status="PASS">
          <reporter-output>
          </reporter-output>
        </test-method> <!-- teardown -->
      </class> <!-- testCases.TC_001_AccountRegistration -->
    </test> <!-- Test -->
  </suite> <!-- Suite -->
</testng-results>
